<?xml version="1.0" encoding="UTF-8"?>
<!-- Generated by org.testng.reporters.JUnitReportReporter -->
<testsuite hostname="DESKTOP-9B2JCSO" failures="0" tests="2" name="org.testngpractice.TestCase2" time="3.458" errors="0" timestamp="2023-05-17T10:44:33 IST" skipped="0">
  <testcase classname="org.testngpractice.TestCase2" name="tc" time="3.454"/>
  <system-out/>
  <testcase classname="org.testngpractice.TestCase2" name="tc2" time="0.004"/>
  <system-out/>
</testsuite> <!-- org.testngpractice.TestCase2 -->
