<?xml version="1.0" encoding="UTF-8"?>
<!-- Generated by org.testng.reporters.JUnitReportReporter -->
<testsuite hostname="DESKTOP-9B2JCSO" failures="0" tests="1" name="org.adactin.Sample" time="10.741" errors="0" timestamp="2023-05-01T11:25:07 IST" skipped="0">
  <testcase classname="org.adactin.Sample" name="sampleTest2" time="10.741"/>
  <system-out/>
</testsuite> <!-- org.adactin.Sample -->
