<?xml version="1.0" encoding="UTF-8"?>
<!-- Generated by org.testng.reporters.JUnitReportReporter -->
<testsuite hostname="DESKTOP-9B2JCSO" failures="0" tests="4" name="org.testngpractice.TestCases" time="25.148" errors="0" timestamp="2023-08-07T13:27:29 IST" skipped="1">
  <testcase classname="org.testngpractice.TestCases" name="tc2" time="5.097"/>
  <system-out/>
  <testcase classname="org.testngpractice.TestCases" name="tc1" time="4.332"/>
  <system-out/>
  <testcase classname="org.testngpractice.TestCases" name="tc2" time="4.376">
    <skipped/>
  </testcase> <!-- tc2 -->
  <system-out/>
  <testcase classname="org.testngpractice.TestCases" name="tc" time="11.343"/>
  <system-out/>
</testsuite> <!-- org.testngpractice.TestCases -->
